<?xml version="1.0" encoding="utf-8"?><testsuites name="pytest tests"><testsuite name="pytest" errors="0" failures="0" skipped="0" tests="21" time="2.635" timestamp="2026-03-20T03:04:45.239285+00:00" hostname="agent-env-1203b772-78a6-46c7-bca7-0fb7d546e404"><testcase classname="backend.tests.test_backend_apis.TestHealthAndStats" name="test_stats_endpoint" time="0.273" /><testcase classname="backend.tests.test_backend_apis.TestAutomations" name="test_get_automations" time="0.046" /><testcase classname="backend.tests.test_backend_apis.TestAutomations" name="test_create_automation_and_verify" time="0.149" /><testcase classname="backend.tests.test_backend_apis.TestAutomations" name="test_toggle_automation" time="0.192" /><testcase classname="backend.tests.test_backend_apis.TestAutomations" name="test_delete_automation" time="0.149" /><testcase classname="backend.tests.test_backend_apis.TestKnowledge" name="test_get_knowledge" time="0.048" /><testcase classname="backend.tests.test_backend_apis.TestKnowledge" name="test_add_knowledge_and_verify" time="0.149" /><testcase classname="backend.tests.test_backend_apis.TestKnowledge" name="test_delete_knowledge" time="0.146" /><testcase classname="backend.tests.test_backend_apis.TestLogs" name="test_get_logs" time="0.047" /><testcase classname="backend.tests.test_backend_apis.TestLogs" name="test_get_logs_with_filter" time="0.046" /><testcase classname="backend.tests.test_backend_apis.TestLogs" name="test_create_log_and_verify" time="0.099" /><testcase classname="backend.tests.test_backend_apis.TestAIChat" name="test_chat_with_ai" time="0.659" /><testcase classname="backend.tests.test_backend_apis.TestAIChat" name="test_get_chat_history" time="0.048" /><testcase classname="backend.tests.test_backend_apis.TestAIChat" name="test_get_chat_history_limit_500" time="0.045" /><testcase classname="backend.tests.test_backend_apis.TestAIChat" name="test_clear_chat_history" time="0.045" /><testcase classname="backend.tests.test_backend_apis.TestSystemStatus" name="test_update_system_status" time="0.048" /><testcase classname="backend.tests.test_backend_apis.TestSystemStatus" name="test_get_latest_status" time="0.045" /><testcase classname="backend.tests.test_backend_apis.TestDocumentation" name="test_generate_documentation" time="0.049" /><testcase classname="backend.tests.test_backend_apis.TestADBEndpoints" name="test_get_adb_guide" time="0.047" /><testcase classname="backend.tests.test_backend_apis.TestADBEndpoints" name="test_adb_consent_flow" time="0.187" /><testcase classname="backend.tests.test_backend_apis.TestADBEndpoints" name="test_evaluate_automations" time="0.054" /></testsuite></testsuites>