<?xml version="1.0" encoding="utf-8"?><testsuites name="pytest tests"><testsuite name="pytest" errors="0" failures="0" skipped="0" tests="18" time="11.299" timestamp="2026-03-20T01:45:55.739815+00:00" hostname="agent-env-1203b772-78a6-46c7-bca7-0fb7d546e404"><testcase classname="backend.tests.test_backend_apis.TestHealthAndStats" name="test_stats_endpoint" time="0.291" /><testcase classname="backend.tests.test_backend_apis.TestAutomations" name="test_get_automations" time="0.048" /><testcase classname="backend.tests.test_backend_apis.TestAutomations" name="test_create_automation_and_verify" time="0.146" /><testcase classname="backend.tests.test_backend_apis.TestAutomations" name="test_toggle_automation" time="0.187" /><testcase classname="backend.tests.test_backend_apis.TestAutomations" name="test_delete_automation" time="0.142" /><testcase classname="backend.tests.test_backend_apis.TestKnowledge" name="test_get_knowledge" time="0.048" /><testcase classname="backend.tests.test_backend_apis.TestKnowledge" name="test_add_knowledge_and_verify" time="0.139" /><testcase classname="backend.tests.test_backend_apis.TestKnowledge" name="test_delete_knowledge" time="0.153" /><testcase classname="backend.tests.test_backend_apis.TestLogs" name="test_get_logs" time="0.057" /><testcase classname="backend.tests.test_backend_apis.TestLogs" name="test_get_logs_with_filter" time="0.054" /><testcase classname="backend.tests.test_backend_apis.TestLogs" name="test_create_log_and_verify" time="0.104" /><testcase classname="backend.tests.test_backend_apis.TestAIChat" name="test_chat_with_ai" time="9.593" /><testcase classname="backend.tests.test_backend_apis.TestAIChat" name="test_get_chat_history" time="0.045" /><testcase classname="backend.tests.test_backend_apis.TestAIChat" name="test_clear_chat_history" time="0.048" /><testcase classname="backend.tests.test_backend_apis.TestSystemStatus" name="test_update_system_status" time="0.046" /><testcase classname="backend.tests.test_backend_apis.TestSystemStatus" name="test_get_latest_status" time="0.065" /><testcase classname="backend.tests.test_backend_apis.TestDocumentation" name="test_generate_documentation" time="0.054" /><testcase classname="backend.tests.test_backend_apis.TestAutomationEvaluation" name="test_evaluate_automations" time="0.050" /></testsuite></testsuites>